# JRE version: OpenJDK Runtime Environment (17.0.6) (build 17.0.6+0-b2043.56-10027231)
# Java VM: OpenJDK 64-Bit Server VM (17.0.6+0-b2043.56-10027231, mixed mode, tiered, compressed oops, compressed class ptrs, g1 gc, windows-amd64)
GC Precious Log:
 CPUs: 8 total, 8 available
 Memory: 6020M
 Large Page Support: Disabled
 NUMA Support: Disabled
 Compressed Oops: Enabled (32-bit)
 Heap Region Size: 1M
 Heap Min Capacity: 8M
 Heap Initial Capacity: 96M
 Heap Max Capacity: 2G
 Pre-touch: Disabled
 Parallel Workers: 8
 Concurrent Workers: 2
 Concurrent Refinement Workers: 8
 Periodic GC: Disabled
Heap:
 garbage-first heap   total 464896K, used 264375K [0x0000000080000000, 0x0000000100000000)
  region size 1024K, 138 young (141312K), 2 survivors (2048K)
 Metaspace       used 124621K, committed 125568K, reserved 1163264K
  class space    used 16827K, committed 17280K, reserved 1048576K
GC Heap History (20 events):
Event: 2177.856 GC heap before
{Heap before GC invocations=41 (full 0):
 garbage-first heap   total 250880K, used 214375K [0x0000000080000000, 0x0000000100000000)
  region size 1024K, 96 young (98304K), 8 survivors (8192K)
 Metaspace       used 122119K, committed 123072K, reserved 1155072K
  class space    used 16733K, committed 17216K, reserved 1048576K
}
Event: 2177.989 GC heap after
{Heap after GC invocations=42 (full 0):
 garbage-first heap   total 250880K, used 110508K [0x0000000080000000, 0x0000000100000000)
  region size 1024K, 4 young (4096K), 4 survivors (4096K)
 Metaspace       used 122119K, committed 123072K, reserved 1155072K
  class space    used 16733K, committed 17216K, reserved 1048576K
}
Event: 2178.316 GC heap before
{Heap before GC invocations=42 (full 0):
 garbage-first heap   total 250880K, used 117676K [0x0000000080000000, 0x0000000100000000)
  region size 1024K, 12 young (12288K), 4 survivors (4096K)
 Metaspace       used 122130K, committed 123072K, reserved 1155072K
  class space    used 16733K, committed 17216K, reserved 1048576K
}
Event: 2178.469 GC heap after
{Heap after GC invocations=43 (full 0):
 garbage-first heap   total 250880K, used 100436K [0x0000000080000000, 0x0000000100000000)
  region size 1024K, 2 young (2048K), 2 survivors (2048K)
 Metaspace       used 122130K, committed 123072K, reserved 1155072K
  class space    used 16733K, committed 17216K, reserved 1048576K
}
Event: 2178.841 GC heap before
{Heap before GC invocations=43 (full 0):
 garbage-first heap   total 250880K, used 109652K [0x0000000080000000, 0x0000000100000000)
  region size 1024K, 12 young (12288K), 2 survivors (2048K)
 Metaspace       used 122162K, committed 123072K, reserved 1155072K
  class space    used 16733K, committed 17216K, reserved 1048576K
}
Event: 2178.863 GC heap after
{Heap after GC invocations=44 (full 0):
 garbage-first heap   total 250880K, used 99911K [0x0000000080000000, 0x0000000100000000)
  region size 1024K, 2 young (2048K), 2 survivors (2048K)
 Metaspace       used 122162K, committed 123072K, reserved 1155072K
  class space    used 16733K, committed 17216K, reserved 1048576K
}
Event: 2187.508 GC heap before
{Heap before GC invocations=44 (full 0):
 garbage-first heap   total 250880K, used 176711K [0x0000000080000000, 0x0000000100000000)
  region size 1024K, 78 young (79872K), 2 survivors (2048K)
 Metaspace       used 122777K, committed 123648K, reserved 1163264K
  class space    used 16755K, committed 17216K, reserved 1048576K
}
Event: 2187.549 GC heap after
{Heap after GC invocations=45 (full 0):
 garbage-first heap   total 250880K, used 107146K [0x0000000080000000, 0x0000000100000000)
  region size 1024K, 9 young (9216K), 9 survivors (9216K)
 Metaspace       used 122777K, committed 123648K, reserved 1163264K
  class space    used 16755K, committed 17216K, reserved 1048576K
}
Event: 2526.558 GC heap before
{Heap before GC invocations=46 (full 0):
 garbage-first heap   total 250880K, used 212618K [0x0000000080000000, 0x0000000100000000)
  region size 1024K, 100 young (102400K), 9 survivors (9216K)
 Metaspace       used 123201K, committed 124160K, reserved 1163264K
  class space    used 16797K, committed 17280K, reserved 1048576K
}
Event: 2526.689 GC heap after
{Heap after GC invocations=47 (full 0):
 garbage-first heap   total 250880K, used 116109K [0x0000000080000000, 0x0000000100000000)
  region size 1024K, 10 young (10240K), 10 survivors (10240K)
 Metaspace       used 123201K, committed 124160K, reserved 1163264K
  class space    used 16797K, committed 17280K, reserved 1048576K
}
Event: 2526.719 GC heap before
{Heap before GC invocations=47 (full 0):
 garbage-first heap   total 250880K, used 117133K [0x0000000080000000, 0x0000000100000000)
  region size 1024K, 12 young (12288K), 10 survivors (10240K)
 Metaspace       used 123207K, committed 124160K, reserved 1163264K
  class space    used 16797K, committed 17280K, reserved 1048576K
}
Event: 2526.811 GC heap after
{Heap after GC invocations=48 (full 0):
 garbage-first heap   total 250880K, used 115646K [0x0000000080000000, 0x0000000100000000)
  region size 1024K, 2 young (2048K), 2 survivors (2048K)
 Metaspace       used 123207K, committed 124160K, reserved 1163264K
  class space    used 16797K, committed 17280K, reserved 1048576K
}
Event: 2532.387 GC heap before
{Heap before GC invocations=48 (full 0):
 garbage-first heap   total 250880K, used 144318K [0x0000000080000000, 0x0000000100000000)
  region size 1024K, 32 young (32768K), 2 survivors (2048K)
 Metaspace       used 123581K, committed 124544K, reserved 1163264K
  class space    used 16804K, committed 17280K, reserved 1048576K
}
Event: 2532.422 GC heap after
{Heap after GC invocations=49 (full 0):
 garbage-first heap   total 250880K, used 114913K [0x0000000080000000, 0x0000000100000000)
  region size 1024K, 1 young (1024K), 1 survivors (1024K)
 Metaspace       used 123581K, committed 124544K, reserved 1163264K
  class space    used 16804K, committed 17280K, reserved 1048576K
}
Event: 2922.330 GC heap before
{Heap before GC invocations=50 (full 0):
 garbage-first heap   total 250880K, used 215265K [0x0000000080000000, 0x0000000100000000)
  region size 1024K, 88 young (90112K), 1 survivors (1024K)
 Metaspace       used 123838K, committed 124800K, reserved 1163264K
  class space    used 16805K, committed 17280K, reserved 1048576K
}
Event: 2922.432 GC heap after
{Heap after GC invocations=51 (full 0):
 garbage-first heap   total 250880K, used 123032K [0x0000000080000000, 0x0000000100000000)
  region size 1024K, 9 young (9216K), 9 survivors (9216K)
 Metaspace       used 123838K, committed 124800K, reserved 1163264K
  class space    used 16805K, committed 17280K, reserved 1048576K
}
Event: 2922.526 GC heap before
{Heap before GC invocations=51 (full 0):
 garbage-first heap   total 250880K, used 126104K [0x0000000080000000, 0x0000000100000000)
  region size 1024K, 12 young (12288K), 9 survivors (9216K)
 Metaspace       used 123870K, committed 124800K, reserved 1163264K
  class space    used 16806K, committed 17280K, reserved 1048576K
}
Event: 2922.614 GC heap after
{Heap after GC invocations=52 (full 0):
 garbage-first heap   total 250880K, used 115801K [0x0000000080000000, 0x0000000100000000)
  region size 1024K, 2 young (2048K), 2 survivors (2048K)
 Metaspace       used 123870K, committed 124800K, reserved 1163264K
  class space    used 16806K, committed 17280K, reserved 1048576K
}
Event: 2928.688 GC heap before
{Heap before GC invocations=52 (full 0):
 garbage-first heap   total 250880K, used 147545K [0x0000000080000000, 0x0000000100000000)
  region size 1024K, 35 young (35840K), 2 survivors (2048K)
 Metaspace       used 124136K, committed 125056K, reserved 1163264K
  class space    used 16808K, committed 17280K, reserved 1048576K
}
Event: 2928.713 GC heap after
{Heap after GC invocations=53 (full 0):
 garbage-first heap   total 752640K, used 115895K [0x0000000080000000, 0x0000000100000000)
  region size 1024K, 2 young (2048K), 2 survivors (2048K)
 Metaspace       used 124136K, committed 125056K, reserved 1163264K
  class space    used 16808K, committed 17280K, reserved 1048576K
}

