# JRE version: OpenJDK Runtime Environment (17.0.6) (build 17.0.6+0-b2043.56-10027231)
# Java VM: OpenJDK 64-Bit Server VM (17.0.6+0-b2043.56-10027231, mixed mode, tiered, compressed oops, compressed class ptrs, g1 gc, windows-amd64)
GC Precious Log:
 CPUs: 8 total, 8 available
 Memory: 6020M
 Large Page Support: Disabled
 NUMA Support: Disabled
 Compressed Oops: Enabled (32-bit)
 Heap Region Size: 1M
 Heap Min Capacity: 8M
 Heap Initial Capacity: 96M
 Heap Max Capacity: 2G
 Pre-touch: Disabled
 Parallel Workers: 8
 Concurrent Workers: 2
 Concurrent Refinement Workers: 8
 Periodic GC: Disabled
Heap:
 garbage-first heap   total 243712K, used 146966K [0x0000000080000000, 0x0000000100000000)
  region size 1024K, 50 young (51200K), 13 survivors (13312K)
 Metaspace       used 118888K, committed 119680K, reserved 1155072K
  class space    used 16456K, committed 16832K, reserved 1048576K
GC Heap History (20 events):
Event: 74.214 GC heap before
{Heap before GC invocations=64 (full 0):
 garbage-first heap   total 140288K, used 86591K [0x0000000080000000, 0x0000000100000000)
  region size 1024K, 6 young (6144K), 4 survivors (4096K)
 Metaspace       used 93480K, committed 94144K, reserved 1130496K
  class space    used 12758K, committed 13120K, reserved 1048576K
}
Event: 74.225 GC heap after
{Heap after GC invocations=65 (full 0):
 garbage-first heap   total 140288K, used 85629K [0x0000000080000000, 0x0000000100000000)
  region size 1024K, 1 young (1024K), 1 survivors (1024K)
 Metaspace       used 93480K, committed 94144K, reserved 1130496K
  class space    used 12758K, committed 13120K, reserved 1048576K
}
Event: 76.060 GC heap before
{Heap before GC invocations=65 (full 0):
 garbage-first heap   total 140288K, used 113277K [0x0000000080000000, 0x0000000100000000)
  region size 1024K, 29 young (29696K), 1 survivors (1024K)
 Metaspace       used 94805K, committed 95424K, reserved 1138688K
  class space    used 12990K, committed 13312K, reserved 1048576K
}
Event: 76.068 GC heap after
{Heap after GC invocations=66 (full 0):
 garbage-first heap   total 140288K, used 87857K [0x0000000080000000, 0x0000000100000000)
  region size 1024K, 3 young (3072K), 3 survivors (3072K)
 Metaspace       used 94805K, committed 95424K, reserved 1138688K
  class space    used 12990K, committed 13312K, reserved 1048576K
}
Event: 79.435 GC heap before
{Heap before GC invocations=67 (full 0):
 garbage-first heap   total 152576K, used 114481K [0x0000000080000000, 0x0000000100000000)
  region size 1024K, 30 young (30720K), 3 survivors (3072K)
 Metaspace       used 95246K, committed 95936K, reserved 1138688K
  class space    used 13028K, committed 13376K, reserved 1048576K
}
Event: 79.450 GC heap after
{Heap after GC invocations=68 (full 0):
 garbage-first heap   total 152576K, used 89760K [0x0000000080000000, 0x0000000100000000)
  region size 1024K, 2 young (2048K), 2 survivors (2048K)
 Metaspace       used 95246K, committed 95936K, reserved 1138688K
  class space    used 13028K, committed 13376K, reserved 1048576K
}
Event: 79.676 GC heap before
{Heap before GC invocations=68 (full 0):
 garbage-first heap   total 152576K, used 93856K [0x0000000080000000, 0x0000000100000000)
  region size 1024K, 7 young (7168K), 2 survivors (2048K)
 Metaspace       used 95295K, committed 96000K, reserved 1138688K
  class space    used 13028K, committed 13376K, reserved 1048576K
}
Event: 79.685 GC heap after
{Heap after GC invocations=69 (full 0):
 garbage-first heap   total 152576K, used 89785K [0x0000000080000000, 0x0000000100000000)
  region size 1024K, 1 young (1024K), 1 survivors (1024K)
 Metaspace       used 95295K, committed 96000K, reserved 1138688K
  class space    used 13028K, committed 13376K, reserved 1048576K
}
Event: 82.530 GC heap before
{Heap before GC invocations=69 (full 0):
 garbage-first heap   total 152576K, used 124601K [0x0000000080000000, 0x0000000100000000)
  region size 1024K, 35 young (35840K), 1 survivors (1024K)
 Metaspace       used 99220K, committed 99904K, reserved 1138688K
  class space    used 13455K, committed 13760K, reserved 1048576K
}
Event: 82.540 GC heap after
{Heap after GC invocations=70 (full 0):
 garbage-first heap   total 152576K, used 92368K [0x0000000080000000, 0x0000000100000000)
  region size 1024K, 3 young (3072K), 3 survivors (3072K)
 Metaspace       used 99220K, committed 99904K, reserved 1138688K
  class space    used 13455K, committed 13760K, reserved 1048576K
}
Event: 85.817 GC heap before
{Heap before GC invocations=71 (full 0):
 garbage-first heap   total 158720K, used 124112K [0x0000000080000000, 0x0000000100000000)
  region size 1024K, 35 young (35840K), 3 survivors (3072K)
 Metaspace       used 99759K, committed 100416K, reserved 1138688K
  class space    used 13519K, committed 13824K, reserved 1048576K
}
Event: 85.852 GC heap after
{Heap after GC invocations=72 (full 0):
 garbage-first heap   total 243712K, used 94481K [0x0000000080000000, 0x0000000100000000)
  region size 1024K, 3 young (3072K), 3 survivors (3072K)
 Metaspace       used 99759K, committed 100416K, reserved 1138688K
  class space    used 13519K, committed 13824K, reserved 1048576K
}
Event: 86.846 GC heap before
{Heap before GC invocations=72 (full 0):
 garbage-first heap   total 243712K, used 101649K [0x0000000080000000, 0x0000000100000000)
  region size 1024K, 11 young (11264K), 3 survivors (3072K)
 Metaspace       used 99819K, committed 100480K, reserved 1138688K
  class space    used 13520K, committed 13824K, reserved 1048576K
}
Event: 86.861 GC heap after
{Heap after GC invocations=73 (full 0):
 garbage-first heap   total 243712K, used 95099K [0x0000000080000000, 0x0000000100000000)
  region size 1024K, 1 young (1024K), 1 survivors (1024K)
 Metaspace       used 99819K, committed 100480K, reserved 1138688K
  class space    used 13520K, committed 13824K, reserved 1048576K
}
Event: 103.195 GC heap before
{Heap before GC invocations=73 (full 0):
 garbage-first heap   total 243712K, used 190331K [0x0000000080000000, 0x0000000100000000)
  region size 1024K, 95 young (97280K), 1 survivors (1024K)
 Metaspace       used 102407K, committed 103168K, reserved 1138688K
  class space    used 13835K, committed 14208K, reserved 1048576K
}
Event: 103.218 GC heap after
{Heap after GC invocations=74 (full 0):
 garbage-first heap   total 243712K, used 98317K [0x0000000080000000, 0x0000000100000000)
  region size 1024K, 4 young (4096K), 4 survivors (4096K)
 Metaspace       used 102407K, committed 103168K, reserved 1138688K
  class space    used 13835K, committed 14208K, reserved 1048576K
}
Event: 108.628 GC heap before
{Heap before GC invocations=74 (full 0):
 garbage-first heap   total 243712K, used 193549K [0x0000000080000000, 0x0000000100000000)
  region size 1024K, 98 young (100352K), 4 survivors (4096K)
 Metaspace       used 106288K, committed 107008K, reserved 1146880K
  class space    used 14385K, committed 14720K, reserved 1048576K
}
Event: 108.647 GC heap after
{Heap after GC invocations=75 (full 0):
 garbage-first heap   total 243712K, used 100988K [0x0000000080000000, 0x0000000100000000)
  region size 1024K, 7 young (7168K), 7 survivors (7168K)
 Metaspace       used 106288K, committed 107008K, reserved 1146880K
  class space    used 14385K, committed 14720K, reserved 1048576K
}
Event: 114.310 GC heap before
{Heap before GC invocations=75 (full 0):
 garbage-first heap   total 243712K, used 199292K [0x0000000080000000, 0x0000000100000000)
  region size 1024K, 104 young (106496K), 7 survivors (7168K)
 Metaspace       used 116422K, committed 117184K, reserved 1155072K
  class space    used 16102K, committed 16448K, reserved 1048576K
}
Event: 114.717 GC heap after
{Heap after GC invocations=76 (full 0):
 garbage-first heap   total 243712K, used 111126K [0x0000000080000000, 0x0000000100000000)
  region size 1024K, 13 young (13312K), 13 survivors (13312K)
 Metaspace       used 116422K, committed 117184K, reserved 1155072K
  class space    used 16102K, committed 16448K, reserved 1048576K
}

